[debug] [2023-04-19T14:12:57.450Z] ----------------------------------------------------------------------
[debug] [2023-04-19T14:12:57.452Z] Command:       /usr/local/bin/node /usr/local/bin/firebase init
[debug] [2023-04-19T14:12:57.452Z] CLI Version:   11.28.0
[debug] [2023-04-19T14:12:57.452Z] Platform:      darwin
[debug] [2023-04-19T14:12:57.452Z] Node Version:  v18.14.0
[debug] [2023-04-19T14:12:57.453Z] Time:          Wed Apr 19 2023 23:12:57 GMT+0900 (Корея, стандартное время)
[debug] [2023-04-19T14:12:57.453Z] ----------------------------------------------------------------------
[debug] 
[debug] [2023-04-19T14:12:57.458Z] > command requires scopes: ["email","openid","https://www.googleapis.com/auth/cloudplatformprojects.readonly","https://www.googleapis.com/auth/firebase","https://www.googleapis.com/auth/cloud-platform"]
[debug] [2023-04-19T14:12:57.458Z] > authorizing via signed-in user (civillian1998@gmail.com)
[info] 
     ######## #### ########  ######## ########     ###     ######  ########
     ##        ##  ##     ## ##       ##     ##  ##   ##  ##       ##
     ######    ##  ########  ######   ########  #########  ######  ######
     ##        ##  ##    ##  ##       ##     ## ##     ##       ## ##
     ##       #### ##     ## ######## ########  ##     ##  ######  ########

You're about to initialize a Firebase project in this directory:

  /Users/civil_macbookair/Desktop/Houzing

[info] 
=== Project Setup
[info] 
[info] First, let's associate this project directory with a Firebase project.
[info] You can create multiple project aliases by running firebase use --add, 
[info] but for now we'll just set up a default project.
[info] 
[debug] [2023-04-19T14:13:12.012Z] >>> [apiv2][query] GET https://firebase.googleapis.com/v1beta1/projects pageSize=100
[debug] [2023-04-19T14:13:12.749Z] <<< [apiv2][status] GET https://firebase.googleapis.com/v1beta1/projects 200
[debug] [2023-04-19T14:13:12.749Z] <<< [apiv2][body] GET https://firebase.googleapis.com/v1beta1/projects [omitted]
[info] i  Using project houzing-ac45a (Houzing) 
[info] 
=== Hosting Setup
[info] 
[info] Your public directory is the folder (relative to your project directory) that
[info] will contain Hosting assets to be uploaded with firebase deploy. If you
[info] have a build process for your assets, use your build's output directory.
[info] 
[info] ✔  Wrote build/404.html 
[debug] [2023-04-19T14:13:41.779Z] >>> [apiv2][query] GET https://www.gstatic.com/firebasejs/releases.json [none]
[debug] [2023-04-19T14:13:42.043Z] <<< [apiv2][status] GET https://www.gstatic.com/firebasejs/releases.json 200
[debug] [2023-04-19T14:13:42.043Z] <<< [apiv2][body] GET https://www.gstatic.com/firebasejs/releases.json {"current":{"version":"9.20.0","browserURL":"https://www.gstatic.com/firebasejs/9.20.0/firebase.js","packageURL":"https://www.gstatic.com/firebasejs/9.20.0/firebase.tgz"},"live":{"version":"9.20","browserURL":"https://www.gstatic.com/firebasejs/live/9.20/firebase.js","packageURL":"https://www.gstatic.com/firebasejs/live/9.20/firebase.tgz"},"components":{"analytics":"https://www.gstatic.com/firebasejs/9.20.0/firebase-analytics.js","app":"https://www.gstatic.com/firebasejs/9.20.0/firebase-app.js","app-check":"https://www.gstatic.com/firebasejs/9.20.0/firebase-app-check.js","auth":"https://www.gstatic.com/firebasejs/9.20.0/firebase-auth.js","auth/cordova":"https://www.gstatic.com/firebasejs/9.20.0/firebase-auth/cordova.js","auth/react-native":"https://www.gstatic.com/firebasejs/9.20.0/firebase-auth/react-native.js","functions":"https://www.gstatic.com/firebasejs/9.20.0/firebase-functions.js","firestore":"https://www.gstatic.com/firebasejs/9.20.0/firebase-firestore.js","firestore/lite":"https://www.gstatic.com/firebasejs/9.20.0/firebase-firestore/lite.js","installations":"https://www.gstatic.com/firebasejs/9.20.0/firebase-installations.js","storage":"https://www.gstatic.com/firebasejs/9.20.0/firebase-storage.js","performance":"https://www.gstatic.com/firebasejs/9.20.0/firebase-performance.js","remote-config":"https://www.gstatic.com/firebasejs/9.20.0/firebase-remote-config.js","messaging":"https://www.gstatic.com/firebasejs/9.20.0/firebase-messaging.js","messaging/sw":"https://www.gstatic.com/firebasejs/9.20.0/firebase-messaging/sw.js","database":"https://www.gstatic.com/firebasejs/9.20.0/firebase-database.js","firestore.memory":"https://www.gstatic.com/firebasejs/9.20.0/firebase-firestore.memory.js"}}
[info] i  Skipping write of build/index.html 
[info] 
[info] i  Detected a .git folder at /Users/civil_macbookair/Desktop/Houzing 
[info] i  Authorizing with GitHub to upload your service account to a GitHub repository's secrets store. 
[info] 
[info] Visit this URL on this device to log in:
[info] https://github.com/login/oauth/authorize?client_id=89cf50f02ac6aaed3484&state=633304955&redirect_uri=http%3A%2F%2Flocalhost%3A9005&scope=read%3Auser%20repo%20public_repo
[info] 
[info] Waiting for authentication...
[debug] [2023-04-19T14:13:47.764Z] >>> [apiv2][query] POST https://github.com/login/oauth/access_token [none]
[debug] [2023-04-19T14:13:47.764Z] >>> [apiv2][body] POST https://github.com/login/oauth/access_token [stream]
[debug] [2023-04-19T14:13:48.173Z] <<< [apiv2][status] POST https://github.com/login/oauth/access_token 200
[debug] [2023-04-19T14:13:48.173Z] <<< [apiv2][body] POST https://github.com/login/oauth/access_token {"access_token":"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","token_type":"bearer","scope":"read:user,repo"}
[debug] [2023-04-19T14:13:48.179Z] >>> [apiv2][query] GET https://api.github.com/user [none]
[debug] [2023-04-19T14:13:48.583Z] <<< [apiv2][status] GET https://api.github.com/user 200
[debug] [2023-04-19T14:13:48.584Z] <<< [apiv2][body] GET https://api.github.com/user {"login":"CIVILLIAN98","id":117421920,"node_id":"U_kgDOBv-3YA","avatar_url":"https://avatars.githubusercontent.com/u/117421920?v=4","gravatar_id":"","url":"https://api.github.com/users/CIVILLIAN98","html_url":"https://github.com/CIVILLIAN98","followers_url":"https://api.github.com/users/CIVILLIAN98/followers","following_url":"https://api.github.com/users/CIVILLIAN98/following{/other_user}","gists_url":"https://api.github.com/users/CIVILLIAN98/gists{/gist_id}","starred_url":"https://api.github.com/users/CIVILLIAN98/starred{/owner}{/repo}","subscriptions_url":"https://api.github.com/users/CIVILLIAN98/subscriptions","organizations_url":"https://api.github.com/users/CIVILLIAN98/orgs","repos_url":"https://api.github.com/users/CIVILLIAN98/repos","events_url":"https://api.github.com/users/CIVILLIAN98/events{/privacy}","received_events_url":"https://api.github.com/users/CIVILLIAN98/received_events","type":"User","site_admin":false,"name":"KHAYITMURODOV ABDULAZIZ","company":null,"blog":"","location":null,"email":null,"hireable":null,"bio":"FrontEnd developer HTML, CSS, JAVASCRIPT/REACT JS.\r\n","twitter_username":null,"public_repos":11,"public_gists":0,"followers":6,"following":8,"created_at":"2022-11-04T03:13:16Z","updated_at":"2023-04-02T16:32:49Z","private_gists":0,"total_private_repos":2,"owned_private_repos":1,"disk_usage":94907,"collaborators":0,"two_factor_authentication":false,"plan":{"name":"free","space":976562499,"collaborators":0,"private_repos":10000}}
[info] 
[info] ✔  Success! Logged into GitHub as CIVILLIAN98 
[info] 
